2022-08-24 18:00:36,674 INFO o.a.j.u.JMeterUtils: Setting Locale to en_EN
2022-08-24 18:00:36,690 INFO o.a.j.JMeter: Loading user properties from: user.properties
2022-08-24 18:00:36,690 INFO o.a.j.JMeter: Loading system properties from: system.properties
2022-08-24 18:00:36,695 INFO o.a.j.JMeter: Copyright (c) 1998-2021 The Apache Software Foundation
2022-08-24 18:00:36,695 INFO o.a.j.JMeter: Version 5.4.3
2022-08-24 18:00:36,695 INFO o.a.j.JMeter: java.version=11.0.15
2022-08-24 18:00:36,696 INFO o.a.j.JMeter: java.vm.name=Java HotSpot(TM) 64-Bit Server VM
2022-08-24 18:00:36,696 INFO o.a.j.JMeter: os.name=Windows 11
2022-08-24 18:00:36,696 INFO o.a.j.JMeter: os.arch=amd64
2022-08-24 18:00:36,696 INFO o.a.j.JMeter: os.version=10.0
2022-08-24 18:00:36,696 INFO o.a.j.JMeter: file.encoding=GBK
2022-08-24 18:00:36,696 INFO o.a.j.JMeter: java.awt.headless=null
2022-08-24 18:00:36,696 INFO o.a.j.JMeter: Max memory     =1073741824
2022-08-24 18:00:36,696 INFO o.a.j.JMeter: Available Processors =16
2022-08-24 18:00:36,702 INFO o.a.j.JMeter: Default Locale=English (EN)
2022-08-24 18:00:36,703 INFO o.a.j.JMeter: JMeter  Locale=English (EN)
2022-08-24 18:00:36,703 INFO o.a.j.JMeter: JMeterHome=G:\Build-K8s-Cluster\apache-jmeter-5.4.3
2022-08-24 18:00:36,703 INFO o.a.j.JMeter: user.dir  =G:\Build-K8s-Cluster\apache-jmeter-5.4.3\bin
2022-08-24 18:00:36,703 INFO o.a.j.JMeter: PWD       =G:\Build-K8s-Cluster\apache-jmeter-5.4.3\bin
2022-08-24 18:00:41,662 INFO o.a.j.JMeter: IP: 192.168.177.1 Name: ccao FullName: ccao
2022-08-24 18:00:41,911 INFO o.a.j.JMeter: Setting LAF to: com.github.weisj.darklaf.DarkLaf:com.github.weisj.darklaf.theme.DarculaTheme
2022-08-24 18:00:42,752 INFO o.a.j.JMeter: Loaded icon properties from org/apache/jmeter/images/icon.properties
2022-08-24 18:00:44,381 INFO o.j.r.JARSourceHTTP: Found cached repo
2022-08-24 18:00:44,458 INFO o.j.r.PluginManager: Plugins Status: [jpgc-casutg=2.10, jpgc-plugins-manager=1.7, jmeter-core=5.4.3, jmeter-ftp=5.4.3, jmeter-http=5.4.3, jmeter-jdbc=5.4.3, jmeter-jms=5.4.3, jmeter-junit=5.4.3, jmeter-java=5.4.3, jmeter-ldap=5.4.3, jmeter-mail=5.4.3, jmeter-mongodb=5.4.3, jmeter-native=5.4.3, jmeter-tcp=5.4.3, jmeter-components=5.4.3]
2022-08-24 18:01:00,950 INFO o.a.j.p.h.s.HTTPSamplerBase: Parser for text/html is org.apache.jmeter.protocol.http.parser.LagartoBasedHtmlParser
2022-08-24 18:01:00,950 INFO o.a.j.p.h.s.HTTPSamplerBase: Parser for application/xhtml+xml is org.apache.jmeter.protocol.http.parser.LagartoBasedHtmlParser
2022-08-24 18:01:00,950 INFO o.a.j.p.h.s.HTTPSamplerBase: Parser for application/xml is org.apache.jmeter.protocol.http.parser.LagartoBasedHtmlParser
2022-08-24 18:01:00,950 INFO o.a.j.p.h.s.HTTPSamplerBase: Parser for text/xml is org.apache.jmeter.protocol.http.parser.LagartoBasedHtmlParser
2022-08-24 18:01:00,950 INFO o.a.j.p.h.s.HTTPSamplerBase: Parser for text/vnd.wap.wml is org.apache.jmeter.protocol.http.parser.RegexpHTMLParser
2022-08-24 18:01:00,950 INFO o.a.j.p.h.s.HTTPSamplerBase: Parser for text/css is org.apache.jmeter.protocol.http.parser.CssParser
2022-08-24 18:01:29,190 INFO o.a.j.s.SampleResult: Note: Sample TimeStamps are START times
2022-08-24 18:01:29,190 INFO o.a.j.s.SampleResult: sampleresult.default.encoding is set to ISO-8859-1
2022-08-24 18:01:29,190 INFO o.a.j.s.SampleResult: sampleresult.useNanoTime=true
2022-08-24 18:01:29,191 INFO o.a.j.s.SampleResult: sampleresult.nanoThreadSleep=5000
2022-08-24 18:01:29,296 INFO o.a.j.v.ViewResultsFullVisualizer: Add JavaFX to your Java installation if you want to use renderer: org.apache.jmeter.visualizers.RenderInBrowser
2022-08-24 18:01:44,034 INFO o.a.j.e.StandardJMeterEngine: Running the test!
2022-08-24 18:01:44,034 INFO o.a.j.s.SampleEvent: List of sample_variables: []
2022-08-24 18:01:44,034 INFO o.a.j.s.SampleEvent: List of sample_variables: []
2022-08-24 18:01:44,035 INFO o.a.j.e.u.CompoundVariable: Note: Function class names must contain the string: '.functions.'
2022-08-24 18:01:44,035 INFO o.a.j.e.u.CompoundVariable: Note: Function class names must not contain the string: '.gui.'
2022-08-24 18:01:44,184 INFO o.a.j.g.u.JMeterMenuBar: setRunning(true, *local*)
2022-08-24 18:01:44,184 INFO o.a.j.e.StandardJMeterEngine: Starting ThreadGroup: 1 : Thread Group
2022-08-24 18:01:44,184 INFO o.a.j.e.StandardJMeterEngine: Starting 1 threads for group Thread Group.
2022-08-24 18:01:44,185 INFO o.a.j.e.StandardJMeterEngine: Thread will continue on error
2022-08-24 18:01:44,185 INFO o.a.j.t.ThreadGroup: Starting thread group... number=1 threads=1 ramp-up=1 delayedStart=false
2022-08-24 18:01:44,192 INFO o.a.j.t.ThreadGroup: Started thread group number 1
2022-08-24 18:01:44,193 INFO o.a.j.e.StandardJMeterEngine: All thread groups have been started
2022-08-24 18:01:44,195 INFO o.a.j.t.JMeterThread: Thread started: Thread Group 1-1
2022-08-24 18:01:44,200 INFO o.a.j.p.h.s.HTTPHCAbstractImpl: Local host = ccao
2022-08-24 18:01:44,203 INFO o.a.j.p.h.s.HTTPHC4Impl: HTTP request retry count = 0
2022-08-24 18:01:44,245 INFO o.a.j.t.JMeterThread: Thread is done: Thread Group 1-1
2022-08-24 18:01:44,245 INFO o.a.j.t.JMeterThread: Thread finished: Thread Group 1-1
2022-08-24 18:01:44,246 INFO o.a.j.e.StandardJMeterEngine: Notifying test listeners of end of test
2022-08-24 18:01:44,247 INFO o.a.j.s.FileServer: Default base='G:\Build-K8s-Cluster\apache-jmeter-5.4.3\bin'
2022-08-24 18:01:44,247 INFO o.a.j.g.u.JMeterMenuBar: setRunning(false, *local*)
2022-08-24 18:02:08,001 INFO o.a.j.e.StandardJMeterEngine: Running the test!
2022-08-24 18:02:08,001 INFO o.a.j.s.SampleEvent: List of sample_variables: []
2022-08-24 18:02:08,003 INFO o.a.j.g.u.JMeterMenuBar: setRunning(true, *local*)
2022-08-24 18:02:08,025 INFO o.a.j.e.StandardJMeterEngine: Starting ThreadGroup: 1 : Thread Group
2022-08-24 18:02:08,025 INFO o.a.j.e.StandardJMeterEngine: Starting 100 threads for group Thread Group.
2022-08-24 18:02:08,025 INFO o.a.j.e.StandardJMeterEngine: Thread will continue on error
2022-08-24 18:02:08,025 INFO o.a.j.t.ThreadGroup: Starting thread group... number=1 threads=100 ramp-up=1 delayedStart=false
2022-08-24 18:02:08,028 INFO o.a.j.t.JMeterThread: Thread started: Thread Group 1-1
2022-08-24 18:02:08,038 INFO o.a.j.t.JMeterThread: Thread is done: Thread Group 1-1
2022-08-24 18:02:08,038 INFO o.a.j.t.JMeterThread: Thread finished: Thread Group 1-1
2022-08-24 18:02:08,041 INFO o.a.j.t.ThreadGroup: Started thread group number 1
2022-08-24 18:02:08,041 INFO o.a.j.e.StandardJMeterEngine: All thread groups have been started
2022-08-24 18:02:08,048 INFO o.a.j.t.JMeterThread: Thread started: Thread Group 1-3
2022-08-24 18:02:08,049 INFO o.a.j.t.JMeterThread: Thread started: Thread Group 1-2
2022-08-24 18:02:08,057 INFO o.a.j.t.JMeterThread: Thread started: Thread Group 1-4
2022-08-24 18:02:08,065 INFO o.a.j.t.JMeterThread: Thread started: Thread Group 1-5
2022-08-24 18:02:08,075 INFO o.a.j.t.JMeterThread: Thread started: Thread Group 1-6
2022-08-24 18:02:08,080 INFO o.a.j.t.JMeterThread: Thread is done: Thread Group 1-2
2022-08-24 18:02:08,080 INFO o.a.j.t.JMeterThread: Thread is done: Thread Group 1-4
2022-08-24 18:02:08,080 INFO o.a.j.t.JMeterThread: Thread is done: Thread Group 1-3
2022-08-24 18:02:08,081 INFO o.a.j.t.JMeterThread: Thread finished: Thread Group 1-2
2022-08-24 18:02:08,081 INFO o.a.j.t.JMeterThread: Thread finished: Thread Group 1-4
2022-08-24 18:02:08,081 INFO o.a.j.t.JMeterThread: Thread finished: Thread Group 1-3
2022-08-24 18:02:08,085 INFO o.a.j.t.JMeterThread: Thread started: Thread Group 1-7
2022-08-24 18:02:08,090 INFO o.a.j.t.JMeterThread: Thread is done: Thread Group 1-6
2022-08-24 18:02:08,090 INFO o.a.j.t.JMeterThread: Thread is done: Thread Group 1-5
2022-08-24 18:02:08,090 INFO o.a.j.t.JMeterThread: Thread finished: Thread Group 1-6
2022-08-24 18:02:08,090 INFO o.a.j.t.JMeterThread: Thread finished: Thread Group 1-5
2022-08-24 18:02:08,095 INFO o.a.j.t.JMeterThread: Thread is done: Thread Group 1-7
2022-08-24 18:02:08,095 INFO o.a.j.t.JMeterThread: Thread finished: Thread Group 1-7
2022-08-24 18:02:08,097 INFO o.a.j.t.JMeterThread: Thread started: Thread Group 1-8
2022-08-24 18:02:08,106 INFO o.a.j.t.JMeterThread: Thread started: Thread Group 1-9
2022-08-24 18:02:08,111 INFO o.a.j.t.JMeterThread: Thread is done: Thread Group 1-8
2022-08-24 18:02:08,111 INFO o.a.j.t.JMeterThread: Thread finished: Thread Group 1-8
2022-08-24 18:02:08,116 INFO o.a.j.t.JMeterThread: Thread started: Thread Group 1-10
2022-08-24 18:02:08,124 INFO o.a.j.t.JMeterThread: Thread is done: Thread Group 1-9
2022-08-24 18:02:08,124 INFO o.a.j.t.JMeterThread: Thread finished: Thread Group 1-9
2022-08-24 18:02:08,125 INFO o.a.j.t.JMeterThread: Thread started: Thread Group 1-11
2022-08-24 18:02:08,135 INFO o.a.j.t.JMeterThread: Thread started: Thread Group 1-12
2022-08-24 18:02:08,139 INFO o.a.j.t.JMeterThread: Thread is done: Thread Group 1-10
2022-08-24 18:02:08,139 INFO o.a.j.t.JMeterThread: Thread finished: Thread Group 1-10
2022-08-24 18:02:08,140 INFO o.a.j.t.JMeterThread: Thread is done: Thread Group 1-11
2022-08-24 18:02:08,140 INFO o.a.j.t.JMeterThread: Thread is done: Thread Group 1-12
2022-08-24 18:02:08,140 INFO o.a.j.t.JMeterThread: Thread finished: Thread Group 1-11
2022-08-24 18:02:08,140 INFO o.a.j.t.JMeterThread: Thread finished: Thread Group 1-12
2022-08-24 18:02:08,145 INFO o.a.j.t.JMeterThread: Thread started: Thread Group 1-13
2022-08-24 18:02:08,153 INFO o.a.j.t.JMeterThread: Thread is done: Thread Group 1-13
2022-08-24 18:02:08,154 INFO o.a.j.t.JMeterThread: Thread finished: Thread Group 1-13
2022-08-24 18:02:08,156 INFO o.a.j.t.JMeterThread: Thread started: Thread Group 1-14
2022-08-24 18:02:08,167 INFO o.a.j.t.JMeterThread: Thread started: Thread Group 1-15
2022-08-24 18:02:08,170 INFO o.a.j.t.JMeterThread: Thread is done: Thread Group 1-14
2022-08-24 18:02:08,170 INFO o.a.j.t.JMeterThread: Thread finished: Thread Group 1-14
2022-08-24 18:02:08,175 INFO o.a.j.t.JMeterThread: Thread started: Thread Group 1-16
2022-08-24 18:02:08,180 INFO o.a.j.t.JMeterThread: Thread is done: Thread Group 1-15
2022-08-24 18:02:08,180 INFO o.a.j.t.JMeterThread: Thread finished: Thread Group 1-15
2022-08-24 18:02:08,185 INFO o.a.j.t.JMeterThread: Thread started: Thread Group 1-17
2022-08-24 18:02:08,185 INFO o.a.j.t.JMeterThread: Thread is done: Thread Group 1-16
2022-08-24 18:02:08,185 INFO o.a.j.t.JMeterThread: Thread finished: Thread Group 1-16
2022-08-24 18:02:08,196 INFO o.a.j.t.JMeterThread: Thread started: Thread Group 1-18
2022-08-24 18:02:08,206 INFO o.a.j.t.JMeterThread: Thread started: Thread Group 1-19
2022-08-24 18:02:08,208 INFO o.a.j.t.JMeterThread: Thread is done: Thread Group 1-17
2022-08-24 18:02:08,208 INFO o.a.j.t.JMeterThread: Thread is done: Thread Group 1-18
2022-08-24 18:02:08,208 INFO o.a.j.t.JMeterThread: Thread finished: Thread Group 1-18
2022-08-24 18:02:08,208 INFO o.a.j.t.JMeterThread: Thread finished: Thread Group 1-17
2022-08-24 18:02:08,214 INFO o.a.j.t.JMeterThread: Thread is done: Thread Group 1-19
2022-08-24 18:02:08,214 INFO o.a.j.t.JMeterThread: Thread finished: Thread Group 1-19
2022-08-24 18:02:08,216 INFO o.a.j.t.JMeterThread: Thread started: Thread Group 1-20
2022-08-24 18:02:08,226 INFO o.a.j.t.JMeterThread: Thread started: Thread Group 1-21
2022-08-24 18:02:08,228 INFO o.a.j.t.JMeterThread: Thread is done: Thread Group 1-20
2022-08-24 18:02:08,228 INFO o.a.j.t.JMeterThread: Thread finished: Thread Group 1-20
2022-08-24 18:02:08,235 INFO o.a.j.t.JMeterThread: Thread started: Thread Group 1-22
2022-08-24 18:02:08,244 INFO o.a.j.t.JMeterThread: Thread is done: Thread Group 1-21
2022-08-24 18:02:08,244 INFO o.a.j.t.JMeterThread: Thread finished: Thread Group 1-21
2022-08-24 18:02:08,246 INFO o.a.j.t.JMeterThread: Thread started: Thread Group 1-23
2022-08-24 18:02:08,249 INFO o.a.j.t.JMeterThread: Thread is done: Thread Group 1-22
2022-08-24 18:02:08,250 INFO o.a.j.t.JMeterThread: Thread finished: Thread Group 1-22
2022-08-24 18:02:08,255 INFO o.a.j.t.JMeterThread: Thread started: Thread Group 1-24
2022-08-24 18:02:08,260 INFO o.a.j.t.JMeterThread: Thread is done: Thread Group 1-23
2022-08-24 18:02:08,260 INFO o.a.j.t.JMeterThread: Thread finished: Thread Group 1-23
2022-08-24 18:02:08,266 INFO o.a.j.t.JMeterThread: Thread started: Thread Group 1-25
2022-08-24 18:02:08,275 INFO o.a.j.t.JMeterThread: Thread started: Thread Group 1-26
2022-08-24 18:02:08,276 INFO o.a.j.t.JMeterThread: Thread is done: Thread Group 1-24
2022-08-24 18:02:08,276 INFO o.a.j.t.JMeterThread: Thread finished: Thread Group 1-24
2022-08-24 18:02:08,279 INFO o.a.j.t.JMeterThread: Thread is done: Thread Group 1-25
2022-08-24 18:02:08,279 INFO o.a.j.t.JMeterThread: Thread finished: Thread Group 1-25
2022-08-24 18:02:08,286 INFO o.a.j.t.JMeterThread: Thread started: Thread Group 1-27
2022-08-24 18:02:08,291 INFO o.a.j.t.JMeterThread: Thread is done: Thread Group 1-26
2022-08-24 18:02:08,291 INFO o.a.j.t.JMeterThread: Thread finished: Thread Group 1-26
2022-08-24 18:02:08,296 INFO o.a.j.t.JMeterThread: Thread started: Thread Group 1-28
2022-08-24 18:02:08,306 INFO o.a.j.t.JMeterThread: Thread is done: Thread Group 1-27
2022-08-24 18:02:08,306 INFO o.a.j.t.JMeterThread: Thread finished: Thread Group 1-27
2022-08-24 18:02:08,307 INFO o.a.j.t.JMeterThread: Thread started: Thread Group 1-29
2022-08-24 18:02:08,313 INFO o.a.j.t.JMeterThread: Thread is done: Thread Group 1-28
2022-08-24 18:02:08,313 INFO o.a.j.t.JMeterThread: Thread finished: Thread Group 1-28
2022-08-24 18:02:08,317 INFO o.a.j.t.JMeterThread: Thread started: Thread Group 1-30
2022-08-24 18:02:08,318 INFO o.a.j.t.JMeterThread: Thread is done: Thread Group 1-29
2022-08-24 18:02:08,318 INFO o.a.j.t.JMeterThread: Thread finished: Thread Group 1-29
2022-08-24 18:02:08,326 INFO o.a.j.t.JMeterThread: Thread started: Thread Group 1-31
2022-08-24 18:02:08,327 INFO o.a.j.t.JMeterThread: Thread is done: Thread Group 1-30
2022-08-24 18:02:08,327 INFO o.a.j.t.JMeterThread: Thread finished: Thread Group 1-30
2022-08-24 18:02:08,335 INFO o.a.j.t.JMeterThread: Thread started: Thread Group 1-32
2022-08-24 18:02:08,336 INFO o.a.j.t.JMeterThread: Thread is done: Thread Group 1-31
2022-08-24 18:02:08,336 INFO o.a.j.t.JMeterThread: Thread finished: Thread Group 1-31
2022-08-24 18:02:08,346 INFO o.a.j.t.JMeterThread: Thread started: Thread Group 1-33
2022-08-24 18:02:08,356 INFO o.a.j.t.JMeterThread: Thread started: Thread Group 1-34
2022-08-24 18:02:08,366 INFO o.a.j.t.JMeterThread: Thread started: Thread Group 1-35
2022-08-24 18:02:08,367 INFO o.a.j.t.JMeterThread: Thread is done: Thread Group 1-32
2022-08-24 18:02:08,367 INFO o.a.j.t.JMeterThread: Thread is done: Thread Group 1-33
2022-08-24 18:02:08,367 INFO o.a.j.t.JMeterThread: Thread finished: Thread Group 1-32
2022-08-24 18:02:08,367 INFO o.a.j.t.JMeterThread: Thread finished: Thread Group 1-33
2022-08-24 18:02:08,375 INFO o.a.j.t.JMeterThread: Thread started: Thread Group 1-36
2022-08-24 18:02:08,382 INFO o.a.j.t.JMeterThread: Thread is done: Thread Group 1-34
2022-08-24 18:02:08,382 INFO o.a.j.t.JMeterThread: Thread finished: Thread Group 1-34
2022-08-24 18:02:08,384 INFO o.a.j.t.JMeterThread: Thread is done: Thread Group 1-35
2022-08-24 18:02:08,384 INFO o.a.j.t.JMeterThread: Thread is done: Thread Group 1-36
2022-08-24 18:02:08,384 INFO o.a.j.t.JMeterThread: Thread finished: Thread Group 1-35
2022-08-24 18:02:08,384 INFO o.a.j.t.JMeterThread: Thread finished: Thread Group 1-36
2022-08-24 18:02:08,385 INFO o.a.j.t.JMeterThread: Thread started: Thread Group 1-37
2022-08-24 18:02:08,395 INFO o.a.j.t.JMeterThread: Thread started: Thread Group 1-38
2022-08-24 18:02:08,397 INFO o.a.j.t.JMeterThread: Thread is done: Thread Group 1-37
2022-08-24 18:02:08,398 INFO o.a.j.t.JMeterThread: Thread finished: Thread Group 1-37
2022-08-24 18:02:08,405 INFO o.a.j.t.JMeterThread: Thread started: Thread Group 1-39
2022-08-24 18:02:08,415 INFO o.a.j.t.JMeterThread: Thread started: Thread Group 1-40
2022-08-24 18:02:08,422 INFO o.a.j.t.JMeterThread: Thread is done: Thread Group 1-38
2022-08-24 18:02:08,422 INFO o.a.j.t.JMeterThread: Thread is done: Thread Group 1-39
2022-08-24 18:02:08,422 INFO o.a.j.t.JMeterThread: Thread finished: Thread Group 1-38
2022-08-24 18:02:08,422 INFO o.a.j.t.JMeterThread: Thread finished: Thread Group 1-39
2022-08-24 18:02:08,426 INFO o.a.j.t.JMeterThread: Thread started: Thread Group 1-41
2022-08-24 18:02:08,427 INFO o.a.j.t.JMeterThread: Thread is done: Thread Group 1-40
2022-08-24 18:02:08,427 INFO o.a.j.t.JMeterThread: Thread finished: Thread Group 1-40
2022-08-24 18:02:08,436 INFO o.a.j.t.JMeterThread: Thread started: Thread Group 1-42
2022-08-24 18:02:08,439 INFO o.a.j.t.JMeterThread: Thread is done: Thread Group 1-41
2022-08-24 18:02:08,439 INFO o.a.j.t.JMeterThread: Thread finished: Thread Group 1-41
2022-08-24 18:02:08,443 INFO o.a.j.t.JMeterThread: Thread is done: Thread Group 1-42
2022-08-24 18:02:08,443 INFO o.a.j.t.JMeterThread: Thread finished: Thread Group 1-42
2022-08-24 18:02:08,446 INFO o.a.j.t.JMeterThread: Thread started: Thread Group 1-43
2022-08-24 18:02:08,455 INFO o.a.j.t.JMeterThread: Thread started: Thread Group 1-44
2022-08-24 18:02:08,466 INFO o.a.j.t.JMeterThread: Thread started: Thread Group 1-45
2022-08-24 18:02:08,468 INFO o.a.j.t.JMeterThread: Thread is done: Thread Group 1-43
2022-08-24 18:02:08,468 INFO o.a.j.t.JMeterThread: Thread is done: Thread Group 1-44
2022-08-24 18:02:08,468 INFO o.a.j.t.JMeterThread: Thread finished: Thread Group 1-43
2022-08-24 18:02:08,468 INFO o.a.j.t.JMeterThread: Thread finished: Thread Group 1-44
2022-08-24 18:02:08,473 INFO o.a.j.t.JMeterThread: Thread is done: Thread Group 1-45
2022-08-24 18:02:08,473 INFO o.a.j.t.JMeterThread: Thread finished: Thread Group 1-45
2022-08-24 18:02:08,476 INFO o.a.j.t.JMeterThread: Thread started: Thread Group 1-46
2022-08-24 18:02:08,486 INFO o.a.j.t.JMeterThread: Thread started: Thread Group 1-47
2022-08-24 18:02:08,491 INFO o.a.j.t.JMeterThread: Thread is done: Thread Group 1-46
2022-08-24 18:02:08,491 INFO o.a.j.t.JMeterThread: Thread is done: Thread Group 1-47
2022-08-24 18:02:08,491 INFO o.a.j.t.JMeterThread: Thread finished: Thread Group 1-47
2022-08-24 18:02:08,491 INFO o.a.j.t.JMeterThread: Thread finished: Thread Group 1-46
2022-08-24 18:02:08,495 INFO o.a.j.t.JMeterThread: Thread started: Thread Group 1-48
2022-08-24 18:02:08,507 INFO o.a.j.t.JMeterThread: Thread started: Thread Group 1-49
2022-08-24 18:02:08,514 INFO o.a.j.t.JMeterThread: Thread is done: Thread Group 1-48
2022-08-24 18:02:08,514 INFO o.a.j.t.JMeterThread: Thread finished: Thread Group 1-48
2022-08-24 18:02:08,516 INFO o.a.j.t.JMeterThread: Thread started: Thread Group 1-50
2022-08-24 18:02:08,518 INFO o.a.j.t.JMeterThread: Thread is done: Thread Group 1-49
2022-08-24 18:02:08,518 INFO o.a.j.t.JMeterThread: Thread finished: Thread Group 1-49
2022-08-24 18:02:08,526 INFO o.a.j.t.JMeterThread: Thread started: Thread Group 1-51
2022-08-24 18:02:08,536 INFO o.a.j.t.JMeterThread: Thread started: Thread Group 1-52
2022-08-24 18:02:08,546 INFO o.a.j.t.JMeterThread: Thread started: Thread Group 1-53
2022-08-24 18:02:08,548 INFO o.a.j.t.JMeterThread: Thread is done: Thread Group 1-51
2022-08-24 18:02:08,548 INFO o.a.j.t.JMeterThread: Thread is done: Thread Group 1-50
2022-08-24 18:02:08,548 INFO o.a.j.t.JMeterThread: Thread finished: Thread Group 1-50
2022-08-24 18:02:08,548 INFO o.a.j.t.JMeterThread: Thread finished: Thread Group 1-51
2022-08-24 18:02:08,555 INFO o.a.j.t.JMeterThread: Thread is done: Thread Group 1-53
2022-08-24 18:02:08,555 INFO o.a.j.t.JMeterThread: Thread is done: Thread Group 1-52
2022-08-24 18:02:08,555 INFO o.a.j.t.JMeterThread: Thread started: Thread Group 1-54
2022-08-24 18:02:08,555 INFO o.a.j.t.JMeterThread: Thread finished: Thread Group 1-53
2022-08-24 18:02:08,555 INFO o.a.j.t.JMeterThread: Thread finished: Thread Group 1-52
2022-08-24 18:02:08,565 INFO o.a.j.t.JMeterThread: Thread started: Thread Group 1-55
2022-08-24 18:02:08,567 INFO o.a.j.t.JMeterThread: Thread is done: Thread Group 1-54
2022-08-24 18:02:08,567 INFO o.a.j.t.JMeterThread: Thread finished: Thread Group 1-54
2022-08-24 18:02:08,576 INFO o.a.j.t.JMeterThread: Thread started: Thread Group 1-56
2022-08-24 18:02:08,578 INFO o.a.j.t.JMeterThread: Thread is done: Thread Group 1-55
2022-08-24 18:02:08,579 INFO o.a.j.t.JMeterThread: Thread finished: Thread Group 1-55
2022-08-24 18:02:08,581 INFO o.a.j.t.JMeterThread: Thread is done: Thread Group 1-56
2022-08-24 18:02:08,581 INFO o.a.j.t.JMeterThread: Thread finished: Thread Group 1-56
2022-08-24 18:02:08,585 INFO o.a.j.t.JMeterThread: Thread started: Thread Group 1-57
2022-08-24 18:02:08,595 INFO o.a.j.t.JMeterThread: Thread started: Thread Group 1-58
2022-08-24 18:02:08,606 INFO o.a.j.t.JMeterThread: Thread started: Thread Group 1-59
2022-08-24 18:02:08,608 INFO o.a.j.t.JMeterThread: Thread is done: Thread Group 1-57
2022-08-24 18:02:08,608 INFO o.a.j.t.JMeterThread: Thread finished: Thread Group 1-57
2022-08-24 18:02:08,613 INFO o.a.j.t.JMeterThread: Thread is done: Thread Group 1-58
2022-08-24 18:02:08,613 INFO o.a.j.t.JMeterThread: Thread is done: Thread Group 1-59
2022-08-24 18:02:08,613 INFO o.a.j.t.JMeterThread: Thread finished: Thread Group 1-59
2022-08-24 18:02:08,613 INFO o.a.j.t.JMeterThread: Thread finished: Thread Group 1-58
2022-08-24 18:02:08,616 INFO o.a.j.t.JMeterThread: Thread started: Thread Group 1-60
2022-08-24 18:02:08,627 INFO o.a.j.t.JMeterThread: Thread started: Thread Group 1-61
2022-08-24 18:02:08,637 INFO o.a.j.t.JMeterThread: Thread started: Thread Group 1-62
2022-08-24 18:02:08,639 INFO o.a.j.t.JMeterThread: Thread is done: Thread Group 1-60
2022-08-24 18:02:08,639 INFO o.a.j.t.JMeterThread: Thread finished: Thread Group 1-60
2022-08-24 18:02:08,647 INFO o.a.j.t.JMeterThread: Thread started: Thread Group 1-63
2022-08-24 18:02:08,651 INFO o.a.j.t.JMeterThread: Thread is done: Thread Group 1-62
2022-08-24 18:02:08,651 INFO o.a.j.t.JMeterThread: Thread is done: Thread Group 1-61
2022-08-24 18:02:08,651 INFO o.a.j.t.JMeterThread: Thread finished: Thread Group 1-61
2022-08-24 18:02:08,651 INFO o.a.j.t.JMeterThread: Thread finished: Thread Group 1-62
2022-08-24 18:02:08,653 INFO o.a.j.t.JMeterThread: Thread is done: Thread Group 1-63
2022-08-24 18:02:08,653 INFO o.a.j.t.JMeterThread: Thread finished: Thread Group 1-63
2022-08-24 18:02:08,657 INFO o.a.j.t.JMeterThread: Thread started: Thread Group 1-64
2022-08-24 18:02:08,665 INFO o.a.j.t.JMeterThread: Thread started: Thread Group 1-65
2022-08-24 18:02:08,675 INFO o.a.j.t.JMeterThread: Thread started: Thread Group 1-66
2022-08-24 18:02:08,684 INFO o.a.j.t.JMeterThread: Thread is done: Thread Group 1-64
2022-08-24 18:02:08,684 INFO o.a.j.t.JMeterThread: Thread is done: Thread Group 1-65
2022-08-24 18:02:08,684 INFO o.a.j.t.JMeterThread: Thread finished: Thread Group 1-64
2022-08-24 18:02:08,684 INFO o.a.j.t.JMeterThread: Thread finished: Thread Group 1-65
2022-08-24 18:02:08,686 INFO o.a.j.t.JMeterThread: Thread started: Thread Group 1-67
2022-08-24 18:02:08,690 INFO o.a.j.t.JMeterThread: Thread is done: Thread Group 1-66
2022-08-24 18:02:08,690 INFO o.a.j.t.JMeterThread: Thread finished: Thread Group 1-66
2022-08-24 18:02:08,696 INFO o.a.j.t.JMeterThread: Thread started: Thread Group 1-68
2022-08-24 18:02:08,699 INFO o.a.j.t.JMeterThread: Thread is done: Thread Group 1-67
2022-08-24 18:02:08,699 INFO o.a.j.t.JMeterThread: Thread finished: Thread Group 1-67
2022-08-24 18:02:08,706 INFO o.a.j.t.JMeterThread: Thread started: Thread Group 1-69
2022-08-24 18:02:08,711 INFO o.a.j.t.JMeterThread: Thread is done: Thread Group 1-68
2022-08-24 18:02:08,711 INFO o.a.j.t.JMeterThread: Thread finished: Thread Group 1-68
2022-08-24 18:02:08,714 INFO o.a.j.t.JMeterThread: Thread is done: Thread Group 1-69
2022-08-24 18:02:08,714 INFO o.a.j.t.JMeterThread: Thread finished: Thread Group 1-69
2022-08-24 18:02:08,716 INFO o.a.j.t.JMeterThread: Thread started: Thread Group 1-70
2022-08-24 18:02:08,722 INFO o.a.j.t.JMeterThread: Thread is done: Thread Group 1-70
2022-08-24 18:02:08,722 INFO o.a.j.t.JMeterThread: Thread finished: Thread Group 1-70
2022-08-24 18:02:08,725 INFO o.a.j.t.JMeterThread: Thread started: Thread Group 1-71
2022-08-24 18:02:08,736 INFO o.a.j.t.JMeterThread: Thread started: Thread Group 1-72
2022-08-24 18:02:08,744 INFO o.a.j.t.JMeterThread: Thread is done: Thread Group 1-71
2022-08-24 18:02:08,744 INFO o.a.j.t.JMeterThread: Thread finished: Thread Group 1-71
2022-08-24 18:02:08,746 INFO o.a.j.t.JMeterThread: Thread started: Thread Group 1-73
2022-08-24 18:02:08,751 INFO o.a.j.t.JMeterThread: Thread is done: Thread Group 1-72
2022-08-24 18:02:08,752 INFO o.a.j.t.JMeterThread: Thread finished: Thread Group 1-72
2022-08-24 18:02:08,756 INFO o.a.j.t.JMeterThread: Thread started: Thread Group 1-74
2022-08-24 18:02:08,760 INFO o.a.j.t.JMeterThread: Thread is done: Thread Group 1-73
2022-08-24 18:02:08,760 INFO o.a.j.t.JMeterThread: Thread finished: Thread Group 1-73
2022-08-24 18:02:08,766 INFO o.a.j.t.JMeterThread: Thread started: Thread Group 1-75
2022-08-24 18:02:08,767 INFO o.a.j.t.JMeterThread: Thread is done: Thread Group 1-74
2022-08-24 18:02:08,767 INFO o.a.j.t.JMeterThread: Thread finished: Thread Group 1-74
2022-08-24 18:02:08,776 INFO o.a.j.t.JMeterThread: Thread started: Thread Group 1-76
2022-08-24 18:02:08,786 INFO o.a.j.t.JMeterThread: Thread started: Thread Group 1-77
2022-08-24 18:02:08,789 INFO o.a.j.t.JMeterThread: Thread is done: Thread Group 1-75
2022-08-24 18:02:08,789 INFO o.a.j.t.JMeterThread: Thread finished: Thread Group 1-75
2022-08-24 18:02:08,796 INFO o.a.j.t.JMeterThread: Thread started: Thread Group 1-78
2022-08-24 18:02:08,798 INFO o.a.j.t.JMeterThread: Thread is done: Thread Group 1-77
2022-08-24 18:02:08,798 INFO o.a.j.t.JMeterThread: Thread is done: Thread Group 1-76
2022-08-24 18:02:08,798 INFO o.a.j.t.JMeterThread: Thread finished: Thread Group 1-77
2022-08-24 18:02:08,798 INFO o.a.j.t.JMeterThread: Thread finished: Thread Group 1-76
2022-08-24 18:02:08,807 INFO o.a.j.t.JMeterThread: Thread started: Thread Group 1-79
2022-08-24 18:02:08,807 INFO o.a.j.t.JMeterThread: Thread is done: Thread Group 1-78
2022-08-24 18:02:08,807 INFO o.a.j.t.JMeterThread: Thread finished: Thread Group 1-78
2022-08-24 18:02:08,815 INFO o.a.j.t.JMeterThread: Thread started: Thread Group 1-80
2022-08-24 18:02:08,825 INFO o.a.j.t.JMeterThread: Thread started: Thread Group 1-81
2022-08-24 18:02:08,835 INFO o.a.j.t.JMeterThread: Thread started: Thread Group 1-82
2022-08-24 18:02:08,836 INFO o.a.j.t.JMeterThread: Thread is done: Thread Group 1-79
2022-08-24 18:02:08,836 INFO o.a.j.t.JMeterThread: Thread is done: Thread Group 1-80
2022-08-24 18:02:08,836 INFO o.a.j.t.JMeterThread: Thread finished: Thread Group 1-79
2022-08-24 18:02:08,836 INFO o.a.j.t.JMeterThread: Thread finished: Thread Group 1-80
2022-08-24 18:02:08,845 INFO o.a.j.t.JMeterThread: Thread started: Thread Group 1-83
2022-08-24 18:02:08,851 INFO o.a.j.t.JMeterThread: Thread is done: Thread Group 1-81
2022-08-24 18:02:08,851 INFO o.a.j.t.JMeterThread: Thread finished: Thread Group 1-81
2022-08-24 18:02:08,855 INFO o.a.j.t.JMeterThread: Thread started: Thread Group 1-84
2022-08-24 18:02:08,864 INFO o.a.j.t.JMeterThread: Thread is done: Thread Group 1-83
2022-08-24 18:02:08,864 INFO o.a.j.t.JMeterThread: Thread is done: Thread Group 1-82
2022-08-24 18:02:08,864 INFO o.a.j.t.JMeterThread: Thread finished: Thread Group 1-83
2022-08-24 18:02:08,864 INFO o.a.j.t.JMeterThread: Thread finished: Thread Group 1-82
2022-08-24 18:02:08,865 INFO o.a.j.t.JMeterThread: Thread started: Thread Group 1-85
2022-08-24 18:02:08,872 INFO o.a.j.t.JMeterThread: Thread is done: Thread Group 1-84
2022-08-24 18:02:08,872 INFO o.a.j.t.JMeterThread: Thread finished: Thread Group 1-84
2022-08-24 18:02:08,874 INFO o.a.j.t.JMeterThread: Thread is done: Thread Group 1-85
2022-08-24 18:02:08,874 INFO o.a.j.t.JMeterThread: Thread finished: Thread Group 1-85
2022-08-24 18:02:08,876 INFO o.a.j.t.JMeterThread: Thread started: Thread Group 1-86
2022-08-24 18:02:08,886 INFO o.a.j.t.JMeterThread: Thread started: Thread Group 1-87
2022-08-24 18:02:08,891 INFO o.a.j.t.JMeterThread: Thread is done: Thread Group 1-86
2022-08-24 18:02:08,891 INFO o.a.j.t.JMeterThread: Thread finished: Thread Group 1-86
2022-08-24 18:02:08,896 INFO o.a.j.t.JMeterThread: Thread is done: Thread Group 1-87
2022-08-24 18:02:08,896 INFO o.a.j.t.JMeterThread: Thread finished: Thread Group 1-87
2022-08-24 18:02:08,896 INFO o.a.j.t.JMeterThread: Thread started: Thread Group 1-88
2022-08-24 18:02:08,906 INFO o.a.j.t.JMeterThread: Thread started: Thread Group 1-89
2022-08-24 18:02:08,916 INFO o.a.j.t.JMeterThread: Thread started: Thread Group 1-90
2022-08-24 18:02:08,918 INFO o.a.j.t.JMeterThread: Thread is done: Thread Group 1-89
2022-08-24 18:02:08,918 INFO o.a.j.t.JMeterThread: Thread is done: Thread Group 1-88
2022-08-24 18:02:08,918 INFO o.a.j.t.JMeterThread: Thread finished: Thread Group 1-89
2022-08-24 18:02:08,918 INFO o.a.j.t.JMeterThread: Thread finished: Thread Group 1-88
2022-08-24 18:02:08,925 INFO o.a.j.t.JMeterThread: Thread started: Thread Group 1-91
2022-08-24 18:02:08,936 INFO o.a.j.t.JMeterThread: Thread started: Thread Group 1-92
2022-08-24 18:02:08,941 INFO o.a.j.t.JMeterThread: Thread is done: Thread Group 1-90
2022-08-24 18:02:08,941 INFO o.a.j.t.JMeterThread: Thread finished: Thread Group 1-90
2022-08-24 18:02:08,946 INFO o.a.j.t.JMeterThread: Thread started: Thread Group 1-93
2022-08-24 18:02:08,952 INFO o.a.j.t.JMeterThread: Thread is done: Thread Group 1-92
2022-08-24 18:02:08,952 INFO o.a.j.t.JMeterThread: Thread is done: Thread Group 1-91
2022-08-24 18:02:08,952 INFO o.a.j.t.JMeterThread: Thread finished: Thread Group 1-92
2022-08-24 18:02:08,952 INFO o.a.j.t.JMeterThread: Thread finished: Thread Group 1-91
2022-08-24 18:02:08,956 INFO o.a.j.t.JMeterThread: Thread is done: Thread Group 1-93
2022-08-24 18:02:08,956 INFO o.a.j.t.JMeterThread: Thread finished: Thread Group 1-93
2022-08-24 18:02:08,956 INFO o.a.j.t.JMeterThread: Thread started: Thread Group 1-94
2022-08-24 18:02:08,965 INFO o.a.j.t.JMeterThread: Thread started: Thread Group 1-95
2022-08-24 18:02:08,976 INFO o.a.j.t.JMeterThread: Thread started: Thread Group 1-96
2022-08-24 18:02:08,978 INFO o.a.j.t.JMeterThread: Thread is done: Thread Group 1-94
2022-08-24 18:02:08,978 INFO o.a.j.t.JMeterThread: Thread is done: Thread Group 1-95
2022-08-24 18:02:08,978 INFO o.a.j.t.JMeterThread: Thread finished: Thread Group 1-95
2022-08-24 18:02:08,978 INFO o.a.j.t.JMeterThread: Thread finished: Thread Group 1-94
2022-08-24 18:02:08,985 INFO o.a.j.t.JMeterThread: Thread started: Thread Group 1-97
2022-08-24 18:02:08,987 INFO o.a.j.t.JMeterThread: Thread is done: Thread Group 1-96
2022-08-24 18:02:08,987 INFO o.a.j.t.JMeterThread: Thread finished: Thread Group 1-96
2022-08-24 18:02:08,996 INFO o.a.j.t.JMeterThread: Thread started: Thread Group 1-98
2022-08-24 18:02:08,998 INFO o.a.j.t.JMeterThread: Thread is done: Thread Group 1-97
2022-08-24 18:02:08,998 INFO o.a.j.t.JMeterThread: Thread finished: Thread Group 1-97
2022-08-24 18:02:09,002 INFO o.a.j.t.JMeterThread: Thread is done: Thread Group 1-98
2022-08-24 18:02:09,002 INFO o.a.j.t.JMeterThread: Thread finished: Thread Group 1-98
2022-08-24 18:02:09,006 INFO o.a.j.t.JMeterThread: Thread started: Thread Group 1-99
2022-08-24 18:02:09,016 INFO o.a.j.t.JMeterThread: Thread started: Thread Group 1-100
2022-08-24 18:02:09,017 INFO o.a.j.t.JMeterThread: Thread is done: Thread Group 1-99
2022-08-24 18:02:09,017 INFO o.a.j.t.JMeterThread: Thread finished: Thread Group 1-99
2022-08-24 18:02:09,026 INFO o.a.j.t.JMeterThread: Thread is done: Thread Group 1-100
2022-08-24 18:02:09,026 INFO o.a.j.t.JMeterThread: Thread finished: Thread Group 1-100
2022-08-24 18:02:09,026 INFO o.a.j.e.StandardJMeterEngine: Notifying test listeners of end of test
2022-08-24 18:02:09,026 INFO o.a.j.g.u.JMeterMenuBar: setRunning(false, *local*)
2022-08-24 18:02:47,046 ERROR o.a.j.g.a.ActionRouter: Error processing org.apache.jmeter.gui.action.Save@49d831c2
java.lang.IllegalArgumentException: Comparison method violates its general contract!
	at java.util.ComparableTimSort.mergeHi(ComparableTimSort.java:870) ~[?:?]
	at java.util.ComparableTimSort.mergeAt(ComparableTimSort.java:487) ~[?:?]
	at java.util.ComparableTimSort.mergeForceCollapse(ComparableTimSort.java:426) ~[?:?]
	at java.util.ComparableTimSort.sort(ComparableTimSort.java:222) ~[?:?]
	at java.util.Arrays.sort(Arrays.java:1249) ~[?:?]
	at sun.awt.shell.Win32ShellFolderManager2.get(Win32ShellFolderManager2.java:313) ~[?:?]
	at sun.awt.shell.ShellFolder.get(ShellFolder.java:259) ~[?:?]
	at com.github.weisj.darklaf.ui.filechooser.DarkFileChooserUIBridge$DirectoryComboBoxModel.addItem(DarkFileChooserUIBridge.java:894) ~[darklaf-core-2.5.4.jar:2.5.4]
	at com.github.weisj.darklaf.ui.filechooser.DarkFileChooserUIBridge.doDirectoryChanged(DarkFileChooserUIBridge.java:286) ~[darklaf-core-2.5.4.jar:2.5.4]
	at com.github.weisj.darklaf.ui.filechooser.DarkFileChooserUIBridge.lambda$createPropertyChangeListener$0(DarkFileChooserUIBridge.java:218) ~[darklaf-core-2.5.4.jar:2.5.4]
	at java.beans.PropertyChangeSupport.fire(PropertyChangeSupport.java:341) ~[?:?]
	at java.beans.PropertyChangeSupport.firePropertyChange(PropertyChangeSupport.java:333) ~[?:?]
	at java.beans.PropertyChangeSupport.firePropertyChange(PropertyChangeSupport.java:266) ~[?:?]
	at java.awt.Component.firePropertyChange(Component.java:8731) ~[?:?]
	at javax.swing.JFileChooser.setCurrentDirectory(JFileChooser.java:608) ~[?:?]
	at javax.swing.JFileChooser.<init>(JFileChooser.java:362) ~[?:?]
	at javax.swing.JFileChooser.<init>(JFileChooser.java:338) ~[?:?]
	at org.apache.jmeter.gui.util.FileDialoger.promptToSaveFile(FileDialoger.java:257) ~[ApacheJMeter_core.jar:5.4.3]
	at org.apache.jmeter.gui.util.FileDialoger.promptToSaveFile(FileDialoger.java:243) ~[ApacheJMeter_core.jar:5.4.3]
	at org.apache.jmeter.gui.action.Save.computeFileName(Save.java:201) ~[ApacheJMeter_core.jar:5.4.3]
	at org.apache.jmeter.gui.action.Save.doAction(Save.java:163) ~[ApacheJMeter_core.jar:5.4.3]
	at org.apache.jmeter.gui.action.ActionRouter.performAction(ActionRouter.java:87) ~[ApacheJMeter_core.jar:5.4.3]
	at org.apache.jmeter.gui.action.ActionRouter.doActionNow(ActionRouter.java:124) ~[ApacheJMeter_core.jar:5.4.3]
	at org.apache.jmeter.gui.action.AbstractAction.popupShouldSave(AbstractAction.java:76) ~[ApacheJMeter_core.jar:5.4.3]
	at org.apache.jmeter.gui.action.Start.doAction(Start.java:111) ~[ApacheJMeter_core.jar:5.4.3]
	at org.apache.jmeter.gui.action.ActionRouter.performAction(ActionRouter.java:87) ~[ApacheJMeter_core.jar:5.4.3]
	at org.apache.jmeter.gui.action.ActionRouter.lambda$actionPerformed$0(ActionRouter.java:69) ~[ApacheJMeter_core.jar:5.4.3]
	at java.awt.event.InvocationEvent.dispatch(InvocationEvent.java:313) [?:?]
	at java.awt.EventQueue.dispatchEventImpl(EventQueue.java:770) [?:?]
	at java.awt.EventQueue$4.run(EventQueue.java:721) [?:?]
	at java.awt.EventQueue$4.run(EventQueue.java:715) [?:?]
	at java.security.AccessController.doPrivileged(Native Method) ~[?:?]
	at java.security.ProtectionDomain$JavaSecurityAccessImpl.doIntersectionPrivilege(ProtectionDomain.java:85) [?:?]
	at java.awt.EventQueue.dispatchEvent(EventQueue.java:740) [?:?]
	at java.awt.EventDispatchThread.pumpOneEventForFilters(EventDispatchThread.java:203) [?:?]
	at java.awt.EventDispatchThread.pumpEventsForFilter(EventDispatchThread.java:124) [?:?]
	at java.awt.EventDispatchThread.pumpEventsForHierarchy(EventDispatchThread.java:113) [?:?]
	at java.awt.EventDispatchThread.pumpEvents(EventDispatchThread.java:109) [?:?]
	at java.awt.EventDispatchThread.pumpEvents(EventDispatchThread.java:101) [?:?]
	at java.awt.EventDispatchThread.run(EventDispatchThread.java:90) [?:?]
2022-08-24 18:02:47,050 INFO o.a.j.e.StandardJMeterEngine: Running the test!
2022-08-24 18:02:47,051 INFO o.a.j.s.SampleEvent: List of sample_variables: []
2022-08-24 18:02:47,051 INFO o.a.j.g.u.JMeterMenuBar: setRunning(true, *local*)
2022-08-24 18:02:47,073 INFO o.a.j.e.StandardJMeterEngine: Starting ThreadGroup: 1 : Thread Group
2022-08-24 18:02:47,073 INFO o.a.j.e.StandardJMeterEngine: Starting 100 threads for group Thread Group.
2022-08-24 18:02:47,073 INFO o.a.j.e.StandardJMeterEngine: Thread will continue on error
2022-08-24 18:02:47,073 INFO o.a.j.t.ThreadGroup: Starting thread group... number=1 threads=100 ramp-up=1 delayedStart=false
2022-08-24 18:02:47,074 INFO o.a.j.t.JMeterThread: Thread started: Thread Group 1-1
2022-08-24 18:02:47,083 INFO o.a.j.t.JMeterThread: Thread started: Thread Group 1-2
2022-08-24 18:02:47,085 INFO o.a.j.t.ThreadGroup: Started thread group number 1
2022-08-24 18:02:47,085 INFO o.a.j.e.StandardJMeterEngine: All thread groups have been started
2022-08-24 18:02:47,093 INFO o.a.j.t.JMeterThread: Thread started: Thread Group 1-3
2022-08-24 18:02:47,104 INFO o.a.j.t.JMeterThread: Thread started: Thread Group 1-4
2022-08-24 18:02:47,114 INFO o.a.j.t.JMeterThread: Thread started: Thread Group 1-5
2022-08-24 18:02:47,124 INFO o.a.j.t.JMeterThread: Thread started: Thread Group 1-6
2022-08-24 18:02:47,134 INFO o.a.j.t.JMeterThread: Thread started: Thread Group 1-7
2022-08-24 18:02:47,143 INFO o.a.j.t.JMeterThread: Thread started: Thread Group 1-8
2022-08-24 18:02:47,153 INFO o.a.j.t.JMeterThread: Thread started: Thread Group 1-9
2022-08-24 18:02:47,163 INFO o.a.j.t.JMeterThread: Thread started: Thread Group 1-10
2022-08-24 18:02:47,174 INFO o.a.j.t.JMeterThread: Thread started: Thread Group 1-11
2022-08-24 18:02:47,183 INFO o.a.j.t.JMeterThread: Thread started: Thread Group 1-12
2022-08-24 18:02:47,193 INFO o.a.j.t.JMeterThread: Thread started: Thread Group 1-13
2022-08-24 18:02:47,203 INFO o.a.j.t.JMeterThread: Thread started: Thread Group 1-14
2022-08-24 18:02:47,214 INFO o.a.j.t.JMeterThread: Thread started: Thread Group 1-15
2022-08-24 18:02:47,224 INFO o.a.j.t.JMeterThread: Thread started: Thread Group 1-16
2022-08-24 18:02:47,234 INFO o.a.j.t.JMeterThread: Thread started: Thread Group 1-17
2022-08-24 18:02:47,243 INFO o.a.j.t.JMeterThread: Thread started: Thread Group 1-18
2022-08-24 18:02:47,253 INFO o.a.j.t.JMeterThread: Thread started: Thread Group 1-19
2022-08-24 18:02:47,263 INFO o.a.j.t.JMeterThread: Thread started: Thread Group 1-20
2022-08-24 18:02:47,274 INFO o.a.j.t.JMeterThread: Thread started: Thread Group 1-21
2022-08-24 18:02:47,284 INFO o.a.j.t.JMeterThread: Thread started: Thread Group 1-22
2022-08-24 18:02:47,294 INFO o.a.j.t.JMeterThread: Thread started: Thread Group 1-23
2022-08-24 18:02:47,304 INFO o.a.j.t.JMeterThread: Thread started: Thread Group 1-24
2022-08-24 18:02:47,313 INFO o.a.j.t.JMeterThread: Thread started: Thread Group 1-25
2022-08-24 18:02:47,324 INFO o.a.j.t.JMeterThread: Thread started: Thread Group 1-26
2022-08-24 18:02:47,334 INFO o.a.j.t.JMeterThread: Thread started: Thread Group 1-27
2022-08-24 18:02:47,343 INFO o.a.j.t.JMeterThread: Thread started: Thread Group 1-28
2022-08-24 18:02:47,353 INFO o.a.j.t.JMeterThread: Thread started: Thread Group 1-29
2022-08-24 18:02:47,363 INFO o.a.j.t.JMeterThread: Thread started: Thread Group 1-30
2022-08-24 18:02:47,374 INFO o.a.j.t.JMeterThread: Thread started: Thread Group 1-31
2022-08-24 18:02:47,384 INFO o.a.j.t.JMeterThread: Thread started: Thread Group 1-32
2022-08-24 18:02:47,393 INFO o.a.j.t.JMeterThread: Thread started: Thread Group 1-33
2022-08-24 18:02:47,404 INFO o.a.j.t.JMeterThread: Thread started: Thread Group 1-34
2022-08-24 18:02:47,413 INFO o.a.j.t.JMeterThread: Thread started: Thread Group 1-35
2022-08-24 18:02:47,424 INFO o.a.j.t.JMeterThread: Thread started: Thread Group 1-36
2022-08-24 18:02:47,434 INFO o.a.j.t.JMeterThread: Thread started: Thread Group 1-37
2022-08-24 18:02:47,444 INFO o.a.j.t.JMeterThread: Thread started: Thread Group 1-38
2022-08-24 18:02:47,454 INFO o.a.j.t.JMeterThread: Thread started: Thread Group 1-39
2022-08-24 18:02:47,465 INFO o.a.j.t.JMeterThread: Thread started: Thread Group 1-40
2022-08-24 18:02:47,475 INFO o.a.j.t.JMeterThread: Thread started: Thread Group 1-41
2022-08-24 18:02:47,484 INFO o.a.j.t.JMeterThread: Thread started: Thread Group 1-42
2022-08-24 18:02:47,494 INFO o.a.j.t.JMeterThread: Thread started: Thread Group 1-43
2022-08-24 18:02:47,504 INFO o.a.j.t.JMeterThread: Thread started: Thread Group 1-44
2022-08-24 18:02:47,514 INFO o.a.j.t.JMeterThread: Thread started: Thread Group 1-45
2022-08-24 18:02:47,523 INFO o.a.j.t.JMeterThread: Thread started: Thread Group 1-46
2022-08-24 18:02:47,533 INFO o.a.j.t.JMeterThread: Thread started: Thread Group 1-47
2022-08-24 18:02:47,544 INFO o.a.j.t.JMeterThread: Thread started: Thread Group 1-48
2022-08-24 18:02:47,554 INFO o.a.j.t.JMeterThread: Thread started: Thread Group 1-49
2022-08-24 18:02:47,564 INFO o.a.j.t.JMeterThread: Thread started: Thread Group 1-50
2022-08-24 18:02:47,574 INFO o.a.j.t.JMeterThread: Thread started: Thread Group 1-51
2022-08-24 18:02:47,584 INFO o.a.j.t.JMeterThread: Thread started: Thread Group 1-52
2022-08-24 18:02:47,593 INFO o.a.j.t.JMeterThread: Thread started: Thread Group 1-53
2022-08-24 18:02:47,603 INFO o.a.j.t.JMeterThread: Thread started: Thread Group 1-54
2022-08-24 18:02:47,613 INFO o.a.j.t.JMeterThread: Thread started: Thread Group 1-55
2022-08-24 18:02:47,624 INFO o.a.j.t.JMeterThread: Thread started: Thread Group 1-56
2022-08-24 18:02:47,634 INFO o.a.j.t.JMeterThread: Thread started: Thread Group 1-57
2022-08-24 18:02:47,644 INFO o.a.j.t.JMeterThread: Thread started: Thread Group 1-58
2022-08-24 18:02:47,654 INFO o.a.j.t.JMeterThread: Thread started: Thread Group 1-59
2022-08-24 18:02:47,664 INFO o.a.j.t.JMeterThread: Thread started: Thread Group 1-60
2022-08-24 18:02:47,673 INFO o.a.j.t.JMeterThread: Thread started: Thread Group 1-61
2022-08-24 18:02:47,683 INFO o.a.j.t.JMeterThread: Thread started: Thread Group 1-62
2022-08-24 18:02:47,693 INFO o.a.j.t.JMeterThread: Thread started: Thread Group 1-63
2022-08-24 18:02:47,703 INFO o.a.j.t.JMeterThread: Thread started: Thread Group 1-64
2022-08-24 18:02:47,713 INFO o.a.j.t.JMeterThread: Thread started: Thread Group 1-65
2022-08-24 18:02:47,723 INFO o.a.j.t.JMeterThread: Thread started: Thread Group 1-66
2022-08-24 18:02:47,733 INFO o.a.j.t.JMeterThread: Thread started: Thread Group 1-67
2022-08-24 18:02:47,744 INFO o.a.j.t.JMeterThread: Thread started: Thread Group 1-68
2022-08-24 18:02:47,754 INFO o.a.j.t.JMeterThread: Thread started: Thread Group 1-69
2022-08-24 18:02:47,764 INFO o.a.j.t.JMeterThread: Thread started: Thread Group 1-70
2022-08-24 18:02:47,774 INFO o.a.j.t.JMeterThread: Thread started: Thread Group 1-71
2022-08-24 18:02:47,784 INFO o.a.j.t.JMeterThread: Thread started: Thread Group 1-72
2022-08-24 18:02:47,795 INFO o.a.j.t.JMeterThread: Thread started: Thread Group 1-73
2022-08-24 18:02:47,803 INFO o.a.j.t.JMeterThread: Thread started: Thread Group 1-74
2022-08-24 18:02:47,814 INFO o.a.j.t.JMeterThread: Thread started: Thread Group 1-75
2022-08-24 18:02:47,824 INFO o.a.j.t.JMeterThread: Thread started: Thread Group 1-76
2022-08-24 18:02:47,834 INFO o.a.j.t.JMeterThread: Thread started: Thread Group 1-77
2022-08-24 18:02:47,844 INFO o.a.j.t.JMeterThread: Thread started: Thread Group 1-78
2022-08-24 18:02:47,854 INFO o.a.j.t.JMeterThread: Thread started: Thread Group 1-79
2022-08-24 18:02:47,864 INFO o.a.j.t.JMeterThread: Thread started: Thread Group 1-80
2022-08-24 18:02:47,874 INFO o.a.j.t.JMeterThread: Thread started: Thread Group 1-81
2022-08-24 18:02:47,884 INFO o.a.j.t.JMeterThread: Thread started: Thread Group 1-82
2022-08-24 18:02:47,893 INFO o.a.j.t.JMeterThread: Thread started: Thread Group 1-83
2022-08-24 18:02:47,904 INFO o.a.j.t.JMeterThread: Thread started: Thread Group 1-84
2022-08-24 18:02:47,913 INFO o.a.j.t.JMeterThread: Thread started: Thread Group 1-85
2022-08-24 18:02:47,924 INFO o.a.j.t.JMeterThread: Thread started: Thread Group 1-86
2022-08-24 18:02:47,934 INFO o.a.j.t.JMeterThread: Thread started: Thread Group 1-87
2022-08-24 18:02:47,943 INFO o.a.j.t.JMeterThread: Thread started: Thread Group 1-88
2022-08-24 18:02:47,954 INFO o.a.j.t.JMeterThread: Thread started: Thread Group 1-89
2022-08-24 18:02:47,964 INFO o.a.j.t.JMeterThread: Thread started: Thread Group 1-90
2022-08-24 18:02:47,974 INFO o.a.j.t.JMeterThread: Thread started: Thread Group 1-91
2022-08-24 18:02:47,983 INFO o.a.j.t.JMeterThread: Thread started: Thread Group 1-92
2022-08-24 18:02:47,994 INFO o.a.j.t.JMeterThread: Thread started: Thread Group 1-93
2022-08-24 18:02:48,003 INFO o.a.j.t.JMeterThread: Thread started: Thread Group 1-94
2022-08-24 18:02:48,013 INFO o.a.j.t.JMeterThread: Thread started: Thread Group 1-95
2022-08-24 18:02:48,023 INFO o.a.j.t.JMeterThread: Thread started: Thread Group 1-96
2022-08-24 18:02:48,034 INFO o.a.j.t.JMeterThread: Thread started: Thread Group 1-97
2022-08-24 18:02:48,044 INFO o.a.j.t.JMeterThread: Thread started: Thread Group 1-98
2022-08-24 18:02:48,054 INFO o.a.j.t.JMeterThread: Thread started: Thread Group 1-99
2022-08-24 18:02:48,064 INFO o.a.j.t.JMeterThread: Thread started: Thread Group 1-100
2022-08-24 18:06:10,271 INFO o.a.j.g.a.Start: Stopping test
2022-08-24 18:06:10,423 INFO o.a.j.t.JMeterThread: Stopping: Thread Group 1-33
2022-08-24 18:06:10,424 INFO o.a.j.t.JMeterThread: Thread finished: Thread Group 1-33
2022-08-24 18:06:10,424 INFO o.a.j.t.JMeterThread: Stopping: Thread Group 1-41
2022-08-24 18:06:10,424 WARN o.a.j.t.JMeterThread: Interrupting: Thread Group 1-41 sampler: HTTP Request
2022-08-24 18:06:10,425 INFO o.a.j.t.JMeterThread: Stopping: Thread Group 1-27
2022-08-24 18:06:10,425 INFO o.a.j.t.JMeterThread: Stopping: Thread Group 1-22
2022-08-24 18:06:10,425 WARN o.a.j.t.JMeterThread: Interrupting: Thread Group 1-22 sampler: HTTP Request
2022-08-24 18:06:10,425 INFO o.a.j.t.JMeterThread: Thread finished: Thread Group 1-27
2022-08-24 18:06:10,427 INFO o.a.j.t.JMeterThread: Stopping: Thread Group 1-1
2022-08-24 18:06:10,427 WARN o.a.j.t.JMeterThread: Interrupting: Thread Group 1-1 sampler: HTTP Request
2022-08-24 18:06:10,428 INFO o.a.j.t.JMeterThread: Stopping: Thread Group 1-12
2022-08-24 18:06:10,428 WARN o.a.j.t.JMeterThread: Interrupting: Thread Group 1-12 sampler: HTTP Request
2022-08-24 18:06:10,429 INFO o.a.j.t.JMeterThread: Stopping: Thread Group 1-75
2022-08-24 18:06:10,429 WARN o.a.j.t.JMeterThread: Interrupting: Thread Group 1-75 sampler: HTTP Request
2022-08-24 18:06:10,431 INFO o.a.j.t.JMeterThread: Stopping: Thread Group 1-8
2022-08-24 18:06:10,431 WARN o.a.j.t.JMeterThread: Interrupting: Thread Group 1-8 sampler: HTTP Request
2022-08-24 18:06:10,434 INFO o.a.j.t.JMeterThread: Stopping: Thread Group 1-97
2022-08-24 18:06:10,434 WARN o.a.j.t.JMeterThread: Interrupting: Thread Group 1-97 sampler: HTTP Request
2022-08-24 18:06:10,435 INFO o.a.j.t.JMeterThread: Thread finished: Thread Group 1-22
2022-08-24 18:06:10,435 INFO o.a.j.t.JMeterThread: Stopping: Thread Group 1-54
2022-08-24 18:06:10,435 WARN o.a.j.t.JMeterThread: Interrupting: Thread Group 1-54 sampler: HTTP Request
2022-08-24 18:06:10,436 INFO o.a.j.t.JMeterThread: Thread finished: Thread Group 1-12
2022-08-24 18:06:10,436 INFO o.a.j.t.JMeterThread: Thread finished: Thread Group 1-1
2022-08-24 18:06:10,436 INFO o.a.j.t.JMeterThread: Thread finished: Thread Group 1-75
2022-08-24 18:06:10,437 INFO o.a.j.t.JMeterThread: Stopping: Thread Group 1-64
2022-08-24 18:06:10,437 INFO o.a.j.t.JMeterThread: Thread finished: Thread Group 1-8
2022-08-24 18:06:10,437 WARN o.a.j.t.JMeterThread: Interrupting: Thread Group 1-64 sampler: HTTP Request
2022-08-24 18:06:10,437 INFO o.a.j.t.JMeterThread: Thread finished: Thread Group 1-41
2022-08-24 18:06:10,437 INFO o.a.j.t.JMeterThread: Thread finished: Thread Group 1-97
2022-08-24 18:06:10,437 INFO o.a.j.t.JMeterThread: Thread finished: Thread Group 1-54
2022-08-24 18:06:10,438 INFO o.a.j.t.JMeterThread: Stopping: Thread Group 1-60
2022-08-24 18:06:10,438 WARN o.a.j.t.JMeterThread: Interrupting: Thread Group 1-60 sampler: HTTP Request
2022-08-24 18:06:10,440 INFO o.a.j.t.JMeterThread: Stopping: Thread Group 1-15
2022-08-24 18:06:10,440 WARN o.a.j.t.JMeterThread: Interrupting: Thread Group 1-15 sampler: HTTP Request
2022-08-24 18:06:10,440 INFO o.a.j.t.JMeterThread: Stopping: Thread Group 1-62
2022-08-24 18:06:10,440 WARN o.a.j.t.JMeterThread: Interrupting: Thread Group 1-62 sampler: HTTP Request
2022-08-24 18:06:10,440 INFO o.a.j.t.JMeterThread: Thread finished: Thread Group 1-64
2022-08-24 18:06:10,442 INFO o.a.j.t.JMeterThread: Stopping: Thread Group 1-93
2022-08-24 18:06:10,442 INFO o.a.j.t.JMeterThread: Thread finished: Thread Group 1-60
2022-08-24 18:06:10,442 INFO o.a.j.t.JMeterThread: Thread finished: Thread Group 1-15
2022-08-24 18:06:10,442 WARN o.a.j.t.JMeterThread: Interrupting: Thread Group 1-93 sampler: HTTP Request
2022-08-24 18:06:10,442 INFO o.a.j.t.JMeterThread: Stopping: Thread Group 1-46
2022-08-24 18:06:10,442 WARN o.a.j.t.JMeterThread: Interrupting: Thread Group 1-46 sampler: HTTP Request
2022-08-24 18:06:10,443 INFO o.a.j.t.JMeterThread: Thread finished: Thread Group 1-62
2022-08-24 18:06:10,443 INFO o.a.j.t.JMeterThread: Stopping: Thread Group 1-83
2022-08-24 18:06:10,444 INFO o.a.j.t.JMeterThread: Thread finished: Thread Group 1-93
2022-08-24 18:06:10,444 WARN o.a.j.t.JMeterThread: Interrupting: Thread Group 1-83 sampler: HTTP Request
2022-08-24 18:06:10,444 INFO o.a.j.t.JMeterThread: Thread finished: Thread Group 1-46
2022-08-24 18:06:10,445 INFO o.a.j.t.JMeterThread: Stopping: Thread Group 1-95
2022-08-24 18:06:10,445 WARN o.a.j.t.JMeterThread: Interrupting: Thread Group 1-95 sampler: HTTP Request
2022-08-24 18:06:10,446 INFO o.a.j.t.JMeterThread: Stopping: Thread Group 1-40
2022-08-24 18:06:10,446 WARN o.a.j.t.JMeterThread: Interrupting: Thread Group 1-40 sampler: HTTP Request
2022-08-24 18:06:10,447 INFO o.a.j.t.JMeterThread: Thread finished: Thread Group 1-95
2022-08-24 18:06:10,448 INFO o.a.j.t.JMeterThread: Thread finished: Thread Group 1-83
2022-08-24 18:06:10,449 INFO o.a.j.t.JMeterThread: Stopping: Thread Group 1-32
2022-08-24 18:06:10,449 WARN o.a.j.t.JMeterThread: Interrupting: Thread Group 1-32 sampler: HTTP Request
2022-08-24 18:06:10,450 INFO o.a.j.t.JMeterThread: Stopping: Thread Group 1-85
2022-08-24 18:06:10,450 WARN o.a.j.t.JMeterThread: Interrupting: Thread Group 1-85 sampler: HTTP Request
2022-08-24 18:06:10,451 INFO o.a.j.t.JMeterThread: Thread finished: Thread Group 1-32
2022-08-24 18:06:10,451 INFO o.a.j.t.JMeterThread: Stopping: Thread Group 1-23
2022-08-24 18:06:10,451 INFO o.a.j.t.JMeterThread: Thread finished: Thread Group 1-40
2022-08-24 18:06:10,451 WARN o.a.j.t.JMeterThread: Interrupting: Thread Group 1-23 sampler: HTTP Request
2022-08-24 18:06:10,454 INFO o.a.j.t.JMeterThread: Thread finished: Thread Group 1-85
2022-08-24 18:06:10,454 INFO o.a.j.t.JMeterThread: Stopping: Thread Group 1-43
2022-08-24 18:06:10,454 WARN o.a.j.t.JMeterThread: Interrupting: Thread Group 1-43 sampler: HTTP Request
2022-08-24 18:06:10,454 INFO o.a.j.t.JMeterThread: Thread finished: Thread Group 1-23
2022-08-24 18:06:10,454 INFO o.a.j.t.JMeterThread: Stopping: Thread Group 1-47
2022-08-24 18:06:10,456 WARN o.a.j.t.JMeterThread: Interrupting: Thread Group 1-47 sampler: HTTP Request
2022-08-24 18:06:10,457 INFO o.a.j.t.JMeterThread: Stopping: Thread Group 1-45
2022-08-24 18:06:10,457 INFO o.a.j.t.JMeterThread: Thread finished: Thread Group 1-43
2022-08-24 18:06:10,457 WARN o.a.j.t.JMeterThread: Interrupting: Thread Group 1-45 sampler: HTTP Request
2022-08-24 18:06:10,458 INFO o.a.j.t.JMeterThread: Stopping: Thread Group 1-35
2022-08-24 18:06:10,458 INFO o.a.j.t.JMeterThread: Thread finished: Thread Group 1-47
2022-08-24 18:06:10,458 WARN o.a.j.t.JMeterThread: Interrupting: Thread Group 1-35 sampler: HTTP Request
2022-08-24 18:06:10,458 INFO o.a.j.t.JMeterThread: Stopping: Thread Group 1-52
2022-08-24 18:06:10,458 INFO o.a.j.t.JMeterThread: Thread finished: Thread Group 1-45
2022-08-24 18:06:10,458 WARN o.a.j.t.JMeterThread: Interrupting: Thread Group 1-52 sampler: HTTP Request
2022-08-24 18:06:10,458 INFO o.a.j.t.JMeterThread: Thread finished: Thread Group 1-35
2022-08-24 18:06:10,461 INFO o.a.j.t.JMeterThread: Stopping: Thread Group 1-87
2022-08-24 18:06:10,461 WARN o.a.j.t.JMeterThread: Interrupting: Thread Group 1-87 sampler: HTTP Request
2022-08-24 18:06:10,462 INFO o.a.j.t.JMeterThread: Thread finished: Thread Group 1-52
2022-08-24 18:06:10,462 INFO o.a.j.t.JMeterThread: Stopping: Thread Group 1-67
2022-08-24 18:06:10,462 WARN o.a.j.t.JMeterThread: Interrupting: Thread Group 1-67 sampler: HTTP Request
2022-08-24 18:06:10,462 INFO o.a.j.t.JMeterThread: Thread finished: Thread Group 1-87
2022-08-24 18:06:10,463 INFO o.a.j.t.JMeterThread: Stopping: Thread Group 1-26
2022-08-24 18:06:10,463 WARN o.a.j.t.JMeterThread: Interrupting: Thread Group 1-26 sampler: HTTP Request
2022-08-24 18:06:10,463 INFO o.a.j.t.JMeterThread: Stopping: Thread Group 1-20
2022-08-24 18:06:10,463 INFO o.a.j.t.JMeterThread: Thread finished: Thread Group 1-67
2022-08-24 18:06:10,463 WARN o.a.j.t.JMeterThread: Interrupting: Thread Group 1-20 sampler: HTTP Request
2022-08-24 18:06:10,464 INFO o.a.j.t.JMeterThread: Stopping: Thread Group 1-50
2022-08-24 18:06:10,464 INFO o.a.j.t.JMeterThread: Thread finished: Thread Group 1-26
2022-08-24 18:06:10,464 WARN o.a.j.t.JMeterThread: Interrupting: Thread Group 1-50 sampler: HTTP Request
2022-08-24 18:06:10,464 INFO o.a.j.t.JMeterThread: Stopping: Thread Group 1-36
2022-08-24 18:06:10,464 WARN o.a.j.t.JMeterThread: Interrupting: Thread Group 1-36 sampler: HTTP Request
2022-08-24 18:06:10,464 INFO o.a.j.t.JMeterThread: Thread finished: Thread Group 1-20
2022-08-24 18:06:10,464 INFO o.a.j.t.JMeterThread: Thread finished: Thread Group 1-50
2022-08-24 18:06:10,464 INFO o.a.j.t.JMeterThread: Stopping: Thread Group 1-76
2022-08-24 18:06:10,465 WARN o.a.j.t.JMeterThread: Interrupting: Thread Group 1-76 sampler: HTTP Request
2022-08-24 18:06:10,465 INFO o.a.j.t.JMeterThread: Stopping: Thread Group 1-68
2022-08-24 18:06:10,465 INFO o.a.j.t.JMeterThread: Thread finished: Thread Group 1-36
2022-08-24 18:06:10,466 WARN o.a.j.t.JMeterThread: Interrupting: Thread Group 1-68 sampler: HTTP Request
2022-08-24 18:06:10,466 INFO o.a.j.t.JMeterThread: Thread finished: Thread Group 1-76
2022-08-24 18:06:10,466 INFO o.a.j.t.JMeterThread: Stopping: Thread Group 1-84
2022-08-24 18:06:10,466 WARN o.a.j.t.JMeterThread: Interrupting: Thread Group 1-84 sampler: HTTP Request
2022-08-24 18:06:10,466 INFO o.a.j.t.JMeterThread: Thread finished: Thread Group 1-68
2022-08-24 18:06:10,466 INFO o.a.j.t.JMeterThread: Stopping: Thread Group 1-73
2022-08-24 18:06:10,467 WARN o.a.j.t.JMeterThread: Interrupting: Thread Group 1-73 sampler: HTTP Request
2022-08-24 18:06:10,467 INFO o.a.j.t.JMeterThread: Thread finished: Thread Group 1-84
2022-08-24 18:06:10,467 INFO o.a.j.t.JMeterThread: Stopping: Thread Group 1-72
2022-08-24 18:06:10,467 WARN o.a.j.t.JMeterThread: Interrupting: Thread Group 1-72 sampler: HTTP Request
2022-08-24 18:06:10,467 INFO o.a.j.t.JMeterThread: Stopping: Thread Group 1-99
2022-08-24 18:06:10,467 INFO o.a.j.t.JMeterThread: Thread finished: Thread Group 1-73
2022-08-24 18:06:10,467 WARN o.a.j.t.JMeterThread: Interrupting: Thread Group 1-99 sampler: HTTP Request
2022-08-24 18:06:10,468 INFO o.a.j.t.JMeterThread: Thread finished: Thread Group 1-72
2022-08-24 18:06:10,470 INFO o.a.j.t.JMeterThread: Stopping: Thread Group 1-39
2022-08-24 18:06:10,470 WARN o.a.j.t.JMeterThread: Interrupting: Thread Group 1-39 sampler: HTTP Request
2022-08-24 18:06:10,470 INFO o.a.j.t.JMeterThread: Stopping: Thread Group 1-5
2022-08-24 18:06:10,470 INFO o.a.j.t.JMeterThread: Thread finished: Thread Group 1-99
2022-08-24 18:06:10,471 WARN o.a.j.t.JMeterThread: Interrupting: Thread Group 1-5 sampler: HTTP Request
2022-08-24 18:06:10,471 INFO o.a.j.t.JMeterThread: Thread finished: Thread Group 1-39
2022-08-24 18:06:10,472 INFO o.a.j.t.JMeterThread: Stopping: Thread Group 1-79
2022-08-24 18:06:10,472 WARN o.a.j.t.JMeterThread: Interrupting: Thread Group 1-79 sampler: HTTP Request
2022-08-24 18:06:10,472 INFO o.a.j.t.JMeterThread: Thread finished: Thread Group 1-5
2022-08-24 18:06:10,472 INFO o.a.j.t.JMeterThread: Stopping: Thread Group 1-14
2022-08-24 18:06:10,472 WARN o.a.j.t.JMeterThread: Interrupting: Thread Group 1-14 sampler: HTTP Request
2022-08-24 18:06:10,473 INFO o.a.j.t.JMeterThread: Stopping: Thread Group 1-9
2022-08-24 18:06:10,473 WARN o.a.j.t.JMeterThread: Interrupting: Thread Group 1-9 sampler: HTTP Request
2022-08-24 18:06:10,473 INFO o.a.j.t.JMeterThread: Thread finished: Thread Group 1-79
2022-08-24 18:06:10,474 INFO o.a.j.t.JMeterThread: Thread finished: Thread Group 1-14
2022-08-24 18:06:10,474 INFO o.a.j.t.JMeterThread: Stopping: Thread Group 1-34
2022-08-24 18:06:10,474 WARN o.a.j.t.JMeterThread: Interrupting: Thread Group 1-34 sampler: HTTP Request
2022-08-24 18:06:10,474 INFO o.a.j.t.JMeterThread: Thread finished: Thread Group 1-9
2022-08-24 18:06:10,474 INFO o.a.j.t.JMeterThread: Stopping: Thread Group 1-88
2022-08-24 18:06:10,474 WARN o.a.j.t.JMeterThread: Interrupting: Thread Group 1-88 sampler: HTTP Request
2022-08-24 18:06:10,474 INFO o.a.j.t.JMeterThread: Thread finished: Thread Group 1-34
2022-08-24 18:06:10,475 INFO o.a.j.t.JMeterThread: Stopping: Thread Group 1-3
2022-08-24 18:06:10,475 WARN o.a.j.t.JMeterThread: Interrupting: Thread Group 1-3 sampler: HTTP Request
2022-08-24 18:06:10,475 INFO o.a.j.t.JMeterThread: Thread finished: Thread Group 1-88
2022-08-24 18:06:10,475 INFO o.a.j.t.JMeterThread: Stopping: Thread Group 1-11
2022-08-24 18:06:10,475 WARN o.a.j.t.JMeterThread: Interrupting: Thread Group 1-11 sampler: HTTP Request
2022-08-24 18:06:10,475 INFO o.a.j.t.JMeterThread: Thread finished: Thread Group 1-3
2022-08-24 18:06:10,475 INFO o.a.j.t.JMeterThread: Stopping: Thread Group 1-10
2022-08-24 18:06:10,475 WARN o.a.j.t.JMeterThread: Interrupting: Thread Group 1-10 sampler: HTTP Request
2022-08-24 18:06:10,475 INFO o.a.j.t.JMeterThread: Thread finished: Thread Group 1-11
2022-08-24 18:06:10,476 INFO o.a.j.t.JMeterThread: Stopping: Thread Group 1-92
2022-08-24 18:06:10,476 WARN o.a.j.t.JMeterThread: Interrupting: Thread Group 1-92 sampler: HTTP Request
2022-08-24 18:06:10,476 INFO o.a.j.t.JMeterThread: Stopping: Thread Group 1-48
2022-08-24 18:06:10,476 WARN o.a.j.t.JMeterThread: Interrupting: Thread Group 1-48 sampler: HTTP Request
2022-08-24 18:06:10,476 INFO o.a.j.t.JMeterThread: Thread finished: Thread Group 1-10
2022-08-24 18:06:10,476 INFO o.a.j.t.JMeterThread: Thread finished: Thread Group 1-92
2022-08-24 18:06:10,476 INFO o.a.j.t.JMeterThread: Stopping: Thread Group 1-49
2022-08-24 18:06:10,477 WARN o.a.j.t.JMeterThread: Interrupting: Thread Group 1-49 sampler: HTTP Request
2022-08-24 18:06:10,477 INFO o.a.j.t.JMeterThread: Thread finished: Thread Group 1-48
2022-08-24 18:06:10,477 INFO o.a.j.t.JMeterThread: Stopping: Thread Group 1-31
2022-08-24 18:06:10,477 WARN o.a.j.t.JMeterThread: Interrupting: Thread Group 1-31 sampler: HTTP Request
2022-08-24 18:06:10,477 INFO o.a.j.t.JMeterThread: Stopping: Thread Group 1-57
2022-08-24 18:06:10,477 WARN o.a.j.t.JMeterThread: Interrupting: Thread Group 1-57 sampler: HTTP Request
2022-08-24 18:06:10,477 INFO o.a.j.t.JMeterThread: Thread finished: Thread Group 1-49
2022-08-24 18:06:10,477 INFO o.a.j.t.JMeterThread: Stopping: Thread Group 1-86
2022-08-24 18:06:10,477 INFO o.a.j.t.JMeterThread: Thread finished: Thread Group 1-31
2022-08-24 18:06:10,477 WARN o.a.j.t.JMeterThread: Interrupting: Thread Group 1-86 sampler: HTTP Request
2022-08-24 18:06:10,477 INFO o.a.j.t.JMeterThread: Thread finished: Thread Group 1-57
2022-08-24 18:06:10,477 INFO o.a.j.t.JMeterThread: Stopping: Thread Group 1-28
2022-08-24 18:06:10,477 WARN o.a.j.t.JMeterThread: Interrupting: Thread Group 1-28 sampler: HTTP Request
2022-08-24 18:06:10,477 INFO o.a.j.t.JMeterThread: Thread finished: Thread Group 1-86
2022-08-24 18:06:10,478 INFO o.a.j.t.JMeterThread: Stopping: Thread Group 1-82
2022-08-24 18:06:10,478 WARN o.a.j.t.JMeterThread: Interrupting: Thread Group 1-82 sampler: HTTP Request
2022-08-24 18:06:10,478 INFO o.a.j.t.JMeterThread: Stopping: Thread Group 1-17
2022-08-24 18:06:10,478 WARN o.a.j.t.JMeterThread: Interrupting: Thread Group 1-17 sampler: HTTP Request
2022-08-24 18:06:10,478 INFO o.a.j.t.JMeterThread: Thread finished: Thread Group 1-28
2022-08-24 18:06:10,478 INFO o.a.j.t.JMeterThread: Stopping: Thread Group 1-38
2022-08-24 18:06:10,478 INFO o.a.j.t.JMeterThread: Thread finished: Thread Group 1-82
2022-08-24 18:06:10,478 WARN o.a.j.t.JMeterThread: Interrupting: Thread Group 1-38 sampler: HTTP Request
2022-08-24 18:06:10,478 INFO o.a.j.t.JMeterThread: Thread finished: Thread Group 1-17
2022-08-24 18:06:10,478 INFO o.a.j.t.JMeterThread: Stopping: Thread Group 1-42
2022-08-24 18:06:10,478 WARN o.a.j.t.JMeterThread: Interrupting: Thread Group 1-42 sampler: HTTP Request
2022-08-24 18:06:10,478 INFO o.a.j.t.JMeterThread: Thread finished: Thread Group 1-38
2022-08-24 18:06:10,478 INFO o.a.j.t.JMeterThread: Stopping: Thread Group 1-63
2022-08-24 18:06:10,479 WARN o.a.j.t.JMeterThread: Interrupting: Thread Group 1-63 sampler: HTTP Request
2022-08-24 18:06:10,479 INFO o.a.j.t.JMeterThread: Thread finished: Thread Group 1-42
2022-08-24 18:06:10,479 INFO o.a.j.t.JMeterThread: Stopping: Thread Group 1-18
2022-08-24 18:06:10,479 WARN o.a.j.t.JMeterThread: Interrupting: Thread Group 1-18 sampler: HTTP Request
2022-08-24 18:06:10,479 INFO o.a.j.t.JMeterThread: Thread finished: Thread Group 1-63
2022-08-24 18:06:10,479 INFO o.a.j.t.JMeterThread: Stopping: Thread Group 1-78
2022-08-24 18:06:10,479 WARN o.a.j.t.JMeterThread: Interrupting: Thread Group 1-78 sampler: HTTP Request
2022-08-24 18:06:10,479 INFO o.a.j.t.JMeterThread: Stopping: Thread Group 1-56
2022-08-24 18:06:10,479 WARN o.a.j.t.JMeterThread: Interrupting: Thread Group 1-56 sampler: HTTP Request
2022-08-24 18:06:10,480 INFO o.a.j.t.JMeterThread: Stopping: Thread Group 1-51
2022-08-24 18:06:10,480 WARN o.a.j.t.JMeterThread: Interrupting: Thread Group 1-51 sampler: HTTP Request
2022-08-24 18:06:10,480 INFO o.a.j.t.JMeterThread: Stopping: Thread Group 1-65
2022-08-24 18:06:10,480 WARN o.a.j.t.JMeterThread: Interrupting: Thread Group 1-65 sampler: HTTP Request
2022-08-24 18:06:10,480 INFO o.a.j.t.JMeterThread: Stopping: Thread Group 1-58
2022-08-24 18:06:10,480 WARN o.a.j.t.JMeterThread: Interrupting: Thread Group 1-58 sampler: HTTP Request
2022-08-24 18:06:10,480 INFO o.a.j.t.JMeterThread: Stopping: Thread Group 1-69
2022-08-24 18:06:10,480 WARN o.a.j.t.JMeterThread: Interrupting: Thread Group 1-69 sampler: HTTP Request
2022-08-24 18:06:10,481 INFO o.a.j.t.JMeterThread: Stopping: Thread Group 1-16
2022-08-24 18:06:10,481 WARN o.a.j.t.JMeterThread: Interrupting: Thread Group 1-16 sampler: HTTP Request
2022-08-24 18:06:10,481 INFO o.a.j.t.JMeterThread: Stopping: Thread Group 1-44
2022-08-24 18:06:10,481 WARN o.a.j.t.JMeterThread: Interrupting: Thread Group 1-44 sampler: HTTP Request
2022-08-24 18:06:10,481 INFO o.a.j.t.JMeterThread: Stopping: Thread Group 1-7
2022-08-24 18:06:10,481 WARN o.a.j.t.JMeterThread: Interrupting: Thread Group 1-7 sampler: HTTP Request
2022-08-24 18:06:10,481 INFO o.a.j.t.JMeterThread: Stopping: Thread Group 1-71
2022-08-24 18:06:10,481 WARN o.a.j.t.JMeterThread: Interrupting: Thread Group 1-71 sampler: HTTP Request
2022-08-24 18:06:10,482 INFO o.a.j.t.JMeterThread: Stopping: Thread Group 1-61
2022-08-24 18:06:10,482 WARN o.a.j.t.JMeterThread: Interrupting: Thread Group 1-61 sampler: HTTP Request
2022-08-24 18:06:10,482 INFO o.a.j.t.JMeterThread: Stopping: Thread Group 1-24
2022-08-24 18:06:10,482 WARN o.a.j.t.JMeterThread: Interrupting: Thread Group 1-24 sampler: HTTP Request
2022-08-24 18:06:10,482 INFO o.a.j.t.JMeterThread: Thread finished: Thread Group 1-71
2022-08-24 18:06:10,482 INFO o.a.j.t.JMeterThread: Thread finished: Thread Group 1-61
2022-08-24 18:06:10,482 INFO o.a.j.t.JMeterThread: Stopping: Thread Group 1-70
2022-08-24 18:06:10,482 WARN o.a.j.t.JMeterThread: Interrupting: Thread Group 1-70 sampler: HTTP Request
2022-08-24 18:06:10,482 INFO o.a.j.t.JMeterThread: Thread finished: Thread Group 1-7
2022-08-24 18:06:10,482 INFO o.a.j.t.JMeterThread: Thread finished: Thread Group 1-44
2022-08-24 18:06:10,482 INFO o.a.j.t.JMeterThread: Thread finished: Thread Group 1-58
2022-08-24 18:06:10,482 INFO o.a.j.t.JMeterThread: Thread finished: Thread Group 1-16
2022-08-24 18:06:10,482 INFO o.a.j.t.JMeterThread: Thread finished: Thread Group 1-65
2022-08-24 18:06:10,482 INFO o.a.j.t.JMeterThread: Thread finished: Thread Group 1-51
2022-08-24 18:06:10,482 INFO o.a.j.t.JMeterThread: Thread finished: Thread Group 1-56
2022-08-24 18:06:10,482 INFO o.a.j.t.JMeterThread: Thread finished: Thread Group 1-78
2022-08-24 18:06:10,482 INFO o.a.j.t.JMeterThread: Thread finished: Thread Group 1-18
2022-08-24 18:06:10,482 INFO o.a.j.t.JMeterThread: Stopping: Thread Group 1-91
2022-08-24 18:06:10,482 INFO o.a.j.t.JMeterThread: Thread finished: Thread Group 1-24
2022-08-24 18:06:10,482 INFO o.a.j.t.JMeterThread: Thread finished: Thread Group 1-69
2022-08-24 18:06:10,482 WARN o.a.j.t.JMeterThread: Interrupting: Thread Group 1-91 sampler: HTTP Request
2022-08-24 18:06:10,482 INFO o.a.j.t.JMeterThread: Thread finished: Thread Group 1-70
2022-08-24 18:06:10,482 INFO o.a.j.t.JMeterThread: Stopping: Thread Group 1-98
2022-08-24 18:06:10,482 WARN o.a.j.t.JMeterThread: Interrupting: Thread Group 1-98 sampler: HTTP Request
2022-08-24 18:06:10,482 INFO o.a.j.t.JMeterThread: Thread finished: Thread Group 1-91
2022-08-24 18:06:10,482 INFO o.a.j.t.JMeterThread: Stopping: Thread Group 1-66
2022-08-24 18:06:10,482 WARN o.a.j.t.JMeterThread: Interrupting: Thread Group 1-66 sampler: HTTP Request
2022-08-24 18:06:10,482 INFO o.a.j.t.JMeterThread: Thread finished: Thread Group 1-98
2022-08-24 18:06:10,482 INFO o.a.j.t.JMeterThread: Stopping: Thread Group 1-19
2022-08-24 18:06:10,482 WARN o.a.j.t.JMeterThread: Interrupting: Thread Group 1-19 sampler: HTTP Request
2022-08-24 18:06:10,482 INFO o.a.j.t.JMeterThread: Stopping: Thread Group 1-74
2022-08-24 18:06:10,482 INFO o.a.j.t.JMeterThread: Thread finished: Thread Group 1-66
2022-08-24 18:06:10,484 WARN o.a.j.t.JMeterThread: Interrupting: Thread Group 1-74 sampler: HTTP Request
2022-08-24 18:06:10,484 INFO o.a.j.t.JMeterThread: Thread finished: Thread Group 1-19
2022-08-24 18:06:10,484 INFO o.a.j.t.JMeterThread: Stopping: Thread Group 1-59
2022-08-24 18:06:10,484 WARN o.a.j.t.JMeterThread: Interrupting: Thread Group 1-59 sampler: HTTP Request
2022-08-24 18:06:10,484 INFO o.a.j.t.JMeterThread: Thread finished: Thread Group 1-74
2022-08-24 18:06:10,484 INFO o.a.j.t.JMeterThread: Stopping: Thread Group 1-77
2022-08-24 18:06:10,484 WARN o.a.j.t.JMeterThread: Interrupting: Thread Group 1-77 sampler: HTTP Request
2022-08-24 18:06:10,484 INFO o.a.j.t.JMeterThread: Thread finished: Thread Group 1-59
2022-08-24 18:06:10,484 INFO o.a.j.t.JMeterThread: Stopping: Thread Group 1-100
2022-08-24 18:06:10,484 WARN o.a.j.t.JMeterThread: Interrupting: Thread Group 1-100 sampler: HTTP Request
2022-08-24 18:06:10,485 INFO o.a.j.t.JMeterThread: Thread finished: Thread Group 1-77
2022-08-24 18:06:10,485 INFO o.a.j.t.JMeterThread: Stopping: Thread Group 1-89
2022-08-24 18:06:10,485 WARN o.a.j.t.JMeterThread: Interrupting: Thread Group 1-89 sampler: HTTP Request
2022-08-24 18:06:10,485 INFO o.a.j.t.JMeterThread: Thread finished: Thread Group 1-100
2022-08-24 18:06:10,485 INFO o.a.j.t.JMeterThread: Stopping: Thread Group 1-25
2022-08-24 18:06:10,485 WARN o.a.j.t.JMeterThread: Interrupting: Thread Group 1-25 sampler: HTTP Request
2022-08-24 18:06:10,485 INFO o.a.j.t.JMeterThread: Thread finished: Thread Group 1-89
2022-08-24 18:06:10,485 INFO o.a.j.t.JMeterThread: Stopping: Thread Group 1-2
2022-08-24 18:06:10,485 WARN o.a.j.t.JMeterThread: Interrupting: Thread Group 1-2 sampler: HTTP Request
2022-08-24 18:06:10,485 INFO o.a.j.t.JMeterThread: Thread finished: Thread Group 1-25
2022-08-24 18:06:10,485 INFO o.a.j.t.JMeterThread: Stopping: Thread Group 1-80
2022-08-24 18:06:10,485 WARN o.a.j.t.JMeterThread: Interrupting: Thread Group 1-80 sampler: HTTP Request
2022-08-24 18:06:10,486 INFO o.a.j.t.JMeterThread: Stopping: Thread Group 1-6
2022-08-24 18:06:10,486 WARN o.a.j.t.JMeterThread: Interrupting: Thread Group 1-6 sampler: HTTP Request
2022-08-24 18:06:10,486 INFO o.a.j.t.JMeterThread: Thread finished: Thread Group 1-2
2022-08-24 18:06:10,486 INFO o.a.j.t.JMeterThread: Thread finished: Thread Group 1-80
2022-08-24 18:06:10,486 INFO o.a.j.t.JMeterThread: Stopping: Thread Group 1-29
2022-08-24 18:06:10,486 WARN o.a.j.t.JMeterThread: Interrupting: Thread Group 1-29 sampler: HTTP Request
2022-08-24 18:06:10,486 INFO o.a.j.t.JMeterThread: Thread finished: Thread Group 1-6
2022-08-24 18:06:10,486 INFO o.a.j.t.JMeterThread: Stopping: Thread Group 1-4
2022-08-24 18:06:10,487 WARN o.a.j.t.JMeterThread: Interrupting: Thread Group 1-4 sampler: HTTP Request
2022-08-24 18:06:10,487 INFO o.a.j.t.JMeterThread: Thread finished: Thread Group 1-29
2022-08-24 18:06:10,487 INFO o.a.j.t.JMeterThread: Stopping: Thread Group 1-53
2022-08-24 18:06:10,487 WARN o.a.j.t.JMeterThread: Interrupting: Thread Group 1-53 sampler: HTTP Request
2022-08-24 18:06:10,487 INFO o.a.j.t.JMeterThread: Thread finished: Thread Group 1-4
2022-08-24 18:06:10,487 INFO o.a.j.t.JMeterThread: Stopping: Thread Group 1-37
2022-08-24 18:06:10,487 WARN o.a.j.t.JMeterThread: Interrupting: Thread Group 1-37 sampler: HTTP Request
2022-08-24 18:06:10,487 INFO o.a.j.t.JMeterThread: Stopping: Thread Group 1-96
2022-08-24 18:06:10,487 WARN o.a.j.t.JMeterThread: Interrupting: Thread Group 1-96 sampler: HTTP Request
2022-08-24 18:06:10,488 INFO o.a.j.t.JMeterThread: Thread finished: Thread Group 1-53
2022-08-24 18:06:10,488 INFO o.a.j.t.JMeterThread: Thread finished: Thread Group 1-37
2022-08-24 18:06:10,488 INFO o.a.j.t.JMeterThread: Stopping: Thread Group 1-55
2022-08-24 18:06:10,488 WARN o.a.j.t.JMeterThread: Interrupting: Thread Group 1-55 sampler: HTTP Request
2022-08-24 18:06:10,488 INFO o.a.j.t.JMeterThread: Thread finished: Thread Group 1-96
2022-08-24 18:06:10,488 INFO o.a.j.t.JMeterThread: Stopping: Thread Group 1-94
2022-08-24 18:06:10,488 WARN o.a.j.t.JMeterThread: Interrupting: Thread Group 1-94 sampler: HTTP Request
2022-08-24 18:06:10,488 INFO o.a.j.t.JMeterThread: Thread finished: Thread Group 1-55
2022-08-24 18:06:10,488 INFO o.a.j.t.JMeterThread: Stopping: Thread Group 1-90
2022-08-24 18:06:10,488 WARN o.a.j.t.JMeterThread: Interrupting: Thread Group 1-90 sampler: HTTP Request
2022-08-24 18:06:10,488 INFO o.a.j.t.JMeterThread: Thread finished: Thread Group 1-94
2022-08-24 18:06:10,488 INFO o.a.j.t.JMeterThread: Stopping: Thread Group 1-13
2022-08-24 18:06:10,488 WARN o.a.j.t.JMeterThread: Interrupting: Thread Group 1-13 sampler: HTTP Request
2022-08-24 18:06:10,488 INFO o.a.j.t.JMeterThread: Stopping: Thread Group 1-21
2022-08-24 18:06:10,488 WARN o.a.j.t.JMeterThread: Interrupting: Thread Group 1-21 sampler: HTTP Request
2022-08-24 18:06:10,488 INFO o.a.j.t.JMeterThread: Thread finished: Thread Group 1-90
2022-08-24 18:06:10,489 INFO o.a.j.t.JMeterThread: Thread finished: Thread Group 1-13
2022-08-24 18:06:10,489 INFO o.a.j.t.JMeterThread: Stopping: Thread Group 1-30
2022-08-24 18:06:10,489 WARN o.a.j.t.JMeterThread: Interrupting: Thread Group 1-30 sampler: HTTP Request
2022-08-24 18:06:10,489 INFO o.a.j.t.JMeterThread: Thread finished: Thread Group 1-21
2022-08-24 18:06:10,489 INFO o.a.j.t.JMeterThread: Stopping: Thread Group 1-81
2022-08-24 18:06:10,489 WARN o.a.j.t.JMeterThread: Interrupting: Thread Group 1-81 sampler: HTTP Request
2022-08-24 18:06:10,489 INFO o.a.j.t.JMeterThread: Thread finished: Thread Group 1-30
2022-08-24 18:06:10,489 INFO o.a.j.t.JMeterThread: Thread finished: Thread Group 1-81
2022-08-24 18:06:10,490 INFO o.a.j.e.StandardJMeterEngine: Notifying test listeners of end of test
2022-08-24 18:06:10,490 INFO o.a.j.g.u.JMeterMenuBar: setRunning(false, *local*)
